[2024-05-12T14:12:48.258+0000] {processor.py:161} INFO - Started process (PID=71) to work on /opt/airflow/dags/welcomeDAG.py
[2024-05-12T14:12:48.260+0000] {processor.py:830} INFO - Processing file /opt/airflow/dags/welcomeDAG.py for tasks to queue
[2024-05-12T14:12:48.263+0000] {logging_mixin.py:188} INFO - [2024-05-12T14:12:48.262+0000] {dagbag.py:545} INFO - Filling up the DagBag from /opt/airflow/dags/welcomeDAG.py
[2024-05-12T14:12:48.321+0000] {processor.py:840} INFO - DAG(s) 'welcome_dag' retrieved from /opt/airflow/dags/welcomeDAG.py
[2024-05-12T14:12:48.538+0000] {logging_mixin.py:188} INFO - [2024-05-12T14:12:48.537+0000] {override.py:1829} INFO - Created Permission View: can edit on DAG:welcome_dag
[2024-05-12T14:12:48.589+0000] {logging_mixin.py:188} INFO - [2024-05-12T14:12:48.589+0000] {override.py:1829} INFO - Created Permission View: can delete on DAG:welcome_dag
[2024-05-12T14:12:48.634+0000] {logging_mixin.py:188} INFO - [2024-05-12T14:12:48.633+0000] {override.py:1829} INFO - Created Permission View: can read on DAG:welcome_dag
[2024-05-12T14:12:48.634+0000] {logging_mixin.py:188} INFO - [2024-05-12T14:12:48.634+0000] {dag.py:3096} INFO - Sync 1 DAGs
[2024-05-12T14:12:48.661+0000] {logging_mixin.py:188} INFO - [2024-05-12T14:12:48.661+0000] {dag.py:3118} INFO - Creating ORM DAG for welcome_dag
[2024-05-12T14:12:48.681+0000] {logging_mixin.py:188} INFO - [2024-05-12T14:12:48.681+0000] {dag.py:3954} INFO - Setting next_dagrun for welcome_dag to 2024-05-11 23:00:00+00:00, run_after=2024-05-12 23:00:00+00:00
[2024-05-12T14:12:48.774+0000] {processor.py:183} INFO - Processing /opt/airflow/dags/welcomeDAG.py took 0.521 seconds
[2024-05-12T14:13:20.009+0000] {processor.py:161} INFO - Started process (PID=72) to work on /opt/airflow/dags/welcomeDAG.py
[2024-05-12T14:13:20.010+0000] {processor.py:830} INFO - Processing file /opt/airflow/dags/welcomeDAG.py for tasks to queue
[2024-05-12T14:13:20.012+0000] {logging_mixin.py:188} INFO - [2024-05-12T14:13:20.012+0000] {dagbag.py:545} INFO - Filling up the DagBag from /opt/airflow/dags/welcomeDAG.py
[2024-05-12T14:13:20.044+0000] {processor.py:840} INFO - DAG(s) 'welcome_dag' retrieved from /opt/airflow/dags/welcomeDAG.py
[2024-05-12T14:13:20.081+0000] {logging_mixin.py:188} INFO - [2024-05-12T14:13:20.081+0000] {dag.py:3096} INFO - Sync 1 DAGs
[2024-05-12T14:13:20.116+0000] {logging_mixin.py:188} INFO - [2024-05-12T14:13:20.116+0000] {dag.py:3954} INFO - Setting next_dagrun for welcome_dag to 2024-05-11 23:00:00+00:00, run_after=2024-05-12 23:00:00+00:00
[2024-05-12T14:13:20.200+0000] {processor.py:183} INFO - Processing /opt/airflow/dags/welcomeDAG.py took 0.197 seconds
[2024-05-12T14:13:50.497+0000] {processor.py:161} INFO - Started process (PID=73) to work on /opt/airflow/dags/welcomeDAG.py
[2024-05-12T14:13:50.498+0000] {processor.py:830} INFO - Processing file /opt/airflow/dags/welcomeDAG.py for tasks to queue
[2024-05-12T14:13:50.500+0000] {logging_mixin.py:188} INFO - [2024-05-12T14:13:50.499+0000] {dagbag.py:545} INFO - Filling up the DagBag from /opt/airflow/dags/welcomeDAG.py
[2024-05-12T14:13:50.535+0000] {processor.py:840} INFO - DAG(s) 'welcome_dag' retrieved from /opt/airflow/dags/welcomeDAG.py
[2024-05-12T14:13:50.605+0000] {logging_mixin.py:188} INFO - [2024-05-12T14:13:50.604+0000] {dag.py:3096} INFO - Sync 1 DAGs
[2024-05-12T14:13:50.680+0000] {logging_mixin.py:188} INFO - [2024-05-12T14:13:50.680+0000] {dag.py:3954} INFO - Setting next_dagrun for welcome_dag to 2024-05-11 23:00:00+00:00, run_after=2024-05-12 23:00:00+00:00
[2024-05-12T14:13:50.843+0000] {processor.py:183} INFO - Processing /opt/airflow/dags/welcomeDAG.py took 0.353 seconds
[2024-05-12T14:14:22.065+0000] {processor.py:161} INFO - Started process (PID=74) to work on /opt/airflow/dags/welcomeDAG.py
[2024-05-12T14:14:22.066+0000] {processor.py:830} INFO - Processing file /opt/airflow/dags/welcomeDAG.py for tasks to queue
[2024-05-12T14:14:22.068+0000] {logging_mixin.py:188} INFO - [2024-05-12T14:14:22.068+0000] {dagbag.py:545} INFO - Filling up the DagBag from /opt/airflow/dags/welcomeDAG.py
[2024-05-12T14:14:22.103+0000] {processor.py:840} INFO - DAG(s) 'welcome_dag' retrieved from /opt/airflow/dags/welcomeDAG.py
[2024-05-12T14:14:22.141+0000] {logging_mixin.py:188} INFO - [2024-05-12T14:14:22.141+0000] {dag.py:3096} INFO - Sync 1 DAGs
[2024-05-12T14:14:22.176+0000] {logging_mixin.py:188} INFO - [2024-05-12T14:14:22.176+0000] {dag.py:3954} INFO - Setting next_dagrun for welcome_dag to 2024-05-11 23:00:00+00:00, run_after=2024-05-12 23:00:00+00:00
[2024-05-12T14:14:22.287+0000] {processor.py:183} INFO - Processing /opt/airflow/dags/welcomeDAG.py took 0.227 seconds
[2024-05-12T14:14:52.759+0000] {processor.py:161} INFO - Started process (PID=75) to work on /opt/airflow/dags/welcomeDAG.py
[2024-05-12T14:14:52.763+0000] {processor.py:830} INFO - Processing file /opt/airflow/dags/welcomeDAG.py for tasks to queue
[2024-05-12T14:14:52.766+0000] {logging_mixin.py:188} INFO - [2024-05-12T14:14:52.766+0000] {dagbag.py:545} INFO - Filling up the DagBag from /opt/airflow/dags/welcomeDAG.py
[2024-05-12T14:14:52.818+0000] {processor.py:840} INFO - DAG(s) 'welcome_dag' retrieved from /opt/airflow/dags/welcomeDAG.py
[2024-05-12T14:14:52.858+0000] {logging_mixin.py:188} INFO - [2024-05-12T14:14:52.858+0000] {dag.py:3096} INFO - Sync 1 DAGs
[2024-05-12T14:14:52.898+0000] {logging_mixin.py:188} INFO - [2024-05-12T14:14:52.898+0000] {dag.py:3954} INFO - Setting next_dagrun for welcome_dag to 2024-05-11 23:00:00+00:00, run_after=2024-05-12 23:00:00+00:00
[2024-05-12T14:14:52.979+0000] {processor.py:183} INFO - Processing /opt/airflow/dags/welcomeDAG.py took 0.230 seconds
[2024-05-12T14:15:23.588+0000] {processor.py:161} INFO - Started process (PID=76) to work on /opt/airflow/dags/welcomeDAG.py
[2024-05-12T14:15:23.590+0000] {processor.py:830} INFO - Processing file /opt/airflow/dags/welcomeDAG.py for tasks to queue
[2024-05-12T14:15:23.595+0000] {logging_mixin.py:188} INFO - [2024-05-12T14:15:23.594+0000] {dagbag.py:545} INFO - Filling up the DagBag from /opt/airflow/dags/welcomeDAG.py
[2024-05-12T14:15:23.658+0000] {processor.py:840} INFO - DAG(s) 'welcome_dag' retrieved from /opt/airflow/dags/welcomeDAG.py
[2024-05-12T14:15:23.707+0000] {logging_mixin.py:188} INFO - [2024-05-12T14:15:23.707+0000] {dag.py:3096} INFO - Sync 1 DAGs
[2024-05-12T14:15:23.741+0000] {logging_mixin.py:188} INFO - [2024-05-12T14:15:23.740+0000] {dag.py:3954} INFO - Setting next_dagrun for welcome_dag to 2024-05-11 23:00:00+00:00, run_after=2024-05-12 23:00:00+00:00
[2024-05-12T14:15:23.807+0000] {processor.py:183} INFO - Processing /opt/airflow/dags/welcomeDAG.py took 0.237 seconds
[2024-05-12T14:15:36.462+0000] {processor.py:161} INFO - Started process (PID=77) to work on /opt/airflow/dags/welcomeDAG.py
[2024-05-12T14:15:36.463+0000] {processor.py:830} INFO - Processing file /opt/airflow/dags/welcomeDAG.py for tasks to queue
[2024-05-12T14:15:36.466+0000] {logging_mixin.py:188} INFO - [2024-05-12T14:15:36.465+0000] {dagbag.py:545} INFO - Filling up the DagBag from /opt/airflow/dags/welcomeDAG.py
[2024-05-12T14:15:36.508+0000] {processor.py:840} INFO - DAG(s) 'welcomeDAG' retrieved from /opt/airflow/dags/welcomeDAG.py
[2024-05-12T14:15:36.682+0000] {logging_mixin.py:188} INFO - [2024-05-12T14:15:36.680+0000] {override.py:1829} INFO - Created Permission View: can edit on DAG:welcomeDAG
[2024-05-12T14:15:36.722+0000] {logging_mixin.py:188} INFO - [2024-05-12T14:15:36.722+0000] {override.py:1829} INFO - Created Permission View: can delete on DAG:welcomeDAG
[2024-05-12T14:15:36.754+0000] {logging_mixin.py:188} INFO - [2024-05-12T14:15:36.754+0000] {override.py:1829} INFO - Created Permission View: can read on DAG:welcomeDAG
[2024-05-12T14:15:36.755+0000] {logging_mixin.py:188} INFO - [2024-05-12T14:15:36.755+0000] {dag.py:3096} INFO - Sync 1 DAGs
[2024-05-12T14:15:36.779+0000] {logging_mixin.py:188} INFO - [2024-05-12T14:15:36.779+0000] {dag.py:3118} INFO - Creating ORM DAG for welcomeDAG
[2024-05-12T14:15:36.798+0000] {logging_mixin.py:188} INFO - [2024-05-12T14:15:36.798+0000] {dag.py:3954} INFO - Setting next_dagrun for welcomeDAG to 2024-05-11 23:00:00+00:00, run_after=2024-05-12 23:00:00+00:00
[2024-05-12T14:15:36.938+0000] {processor.py:183} INFO - Processing /opt/airflow/dags/welcomeDAG.py took 0.485 seconds
[2024-05-12T14:16:07.018+0000] {processor.py:161} INFO - Started process (PID=78) to work on /opt/airflow/dags/welcomeDAG.py
[2024-05-12T14:16:07.019+0000] {processor.py:830} INFO - Processing file /opt/airflow/dags/welcomeDAG.py for tasks to queue
[2024-05-12T14:16:07.022+0000] {logging_mixin.py:188} INFO - [2024-05-12T14:16:07.021+0000] {dagbag.py:545} INFO - Filling up the DagBag from /opt/airflow/dags/welcomeDAG.py
[2024-05-12T14:16:07.049+0000] {processor.py:840} INFO - DAG(s) 'welcomeDAG' retrieved from /opt/airflow/dags/welcomeDAG.py
[2024-05-12T14:16:07.088+0000] {logging_mixin.py:188} INFO - [2024-05-12T14:16:07.087+0000] {dag.py:3096} INFO - Sync 1 DAGs
[2024-05-12T14:16:07.148+0000] {logging_mixin.py:188} INFO - [2024-05-12T14:16:07.147+0000] {dag.py:3954} INFO - Setting next_dagrun for welcomeDAG to 2024-05-11 23:00:00+00:00, run_after=2024-05-12 23:00:00+00:00
[2024-05-12T14:16:07.257+0000] {processor.py:183} INFO - Processing /opt/airflow/dags/welcomeDAG.py took 0.245 seconds
[2024-05-12T14:16:37.932+0000] {processor.py:161} INFO - Started process (PID=79) to work on /opt/airflow/dags/welcomeDAG.py
[2024-05-12T14:16:37.934+0000] {processor.py:830} INFO - Processing file /opt/airflow/dags/welcomeDAG.py for tasks to queue
[2024-05-12T14:16:37.939+0000] {logging_mixin.py:188} INFO - [2024-05-12T14:16:37.938+0000] {dagbag.py:545} INFO - Filling up the DagBag from /opt/airflow/dags/welcomeDAG.py
[2024-05-12T14:16:37.985+0000] {processor.py:840} INFO - DAG(s) 'welcomeDAG' retrieved from /opt/airflow/dags/welcomeDAG.py
[2024-05-12T14:16:38.026+0000] {logging_mixin.py:188} INFO - [2024-05-12T14:16:38.026+0000] {dag.py:3096} INFO - Sync 1 DAGs
[2024-05-12T14:16:38.069+0000] {logging_mixin.py:188} INFO - [2024-05-12T14:16:38.069+0000] {dag.py:3954} INFO - Setting next_dagrun for welcomeDAG to 2024-05-11 23:00:00+00:00, run_after=2024-05-12 23:00:00+00:00
[2024-05-12T14:16:38.230+0000] {processor.py:183} INFO - Processing /opt/airflow/dags/welcomeDAG.py took 0.310 seconds
[2024-05-12T14:17:08.490+0000] {processor.py:161} INFO - Started process (PID=80) to work on /opt/airflow/dags/welcomeDAG.py
[2024-05-12T14:17:08.491+0000] {processor.py:830} INFO - Processing file /opt/airflow/dags/welcomeDAG.py for tasks to queue
[2024-05-12T14:17:08.492+0000] {logging_mixin.py:188} INFO - [2024-05-12T14:17:08.492+0000] {dagbag.py:545} INFO - Filling up the DagBag from /opt/airflow/dags/welcomeDAG.py
[2024-05-12T14:17:08.521+0000] {processor.py:840} INFO - DAG(s) 'welcomeDAG' retrieved from /opt/airflow/dags/welcomeDAG.py
[2024-05-12T14:17:08.558+0000] {logging_mixin.py:188} INFO - [2024-05-12T14:17:08.558+0000] {dag.py:3096} INFO - Sync 1 DAGs
[2024-05-12T14:17:08.600+0000] {logging_mixin.py:188} INFO - [2024-05-12T14:17:08.599+0000] {dag.py:3954} INFO - Setting next_dagrun for welcomeDAG to 2024-05-11 23:00:00+00:00, run_after=2024-05-12 23:00:00+00:00
[2024-05-12T14:17:08.723+0000] {processor.py:183} INFO - Processing /opt/airflow/dags/welcomeDAG.py took 0.238 seconds
[2024-05-12T14:17:38.917+0000] {processor.py:161} INFO - Started process (PID=81) to work on /opt/airflow/dags/welcomeDAG.py
[2024-05-12T14:17:38.919+0000] {processor.py:830} INFO - Processing file /opt/airflow/dags/welcomeDAG.py for tasks to queue
[2024-05-12T14:17:38.921+0000] {logging_mixin.py:188} INFO - [2024-05-12T14:17:38.920+0000] {dagbag.py:545} INFO - Filling up the DagBag from /opt/airflow/dags/welcomeDAG.py
[2024-05-12T14:17:38.962+0000] {processor.py:840} INFO - DAG(s) 'welcomeDAG' retrieved from /opt/airflow/dags/welcomeDAG.py
[2024-05-12T14:17:39.025+0000] {logging_mixin.py:188} INFO - [2024-05-12T14:17:39.025+0000] {dag.py:3096} INFO - Sync 1 DAGs
[2024-05-12T14:17:39.062+0000] {logging_mixin.py:188} INFO - [2024-05-12T14:17:39.062+0000] {dag.py:3954} INFO - Setting next_dagrun for welcomeDAG to 2024-05-11 23:00:00+00:00, run_after=2024-05-12 23:00:00+00:00
[2024-05-12T14:17:39.232+0000] {processor.py:183} INFO - Processing /opt/airflow/dags/welcomeDAG.py took 0.325 seconds
[2024-05-12T14:18:09.737+0000] {processor.py:161} INFO - Started process (PID=82) to work on /opt/airflow/dags/welcomeDAG.py
[2024-05-12T14:18:09.738+0000] {processor.py:830} INFO - Processing file /opt/airflow/dags/welcomeDAG.py for tasks to queue
[2024-05-12T14:18:09.739+0000] {logging_mixin.py:188} INFO - [2024-05-12T14:18:09.739+0000] {dagbag.py:545} INFO - Filling up the DagBag from /opt/airflow/dags/welcomeDAG.py
[2024-05-12T14:18:09.766+0000] {processor.py:840} INFO - DAG(s) 'welcomeDAG' retrieved from /opt/airflow/dags/welcomeDAG.py
[2024-05-12T14:18:09.828+0000] {logging_mixin.py:188} INFO - [2024-05-12T14:18:09.827+0000] {dag.py:3096} INFO - Sync 1 DAGs
[2024-05-12T14:18:09.896+0000] {logging_mixin.py:188} INFO - [2024-05-12T14:18:09.895+0000] {dag.py:3954} INFO - Setting next_dagrun for welcomeDAG to 2024-05-11 23:00:00+00:00, run_after=2024-05-12 23:00:00+00:00
[2024-05-12T14:18:10.076+0000] {processor.py:183} INFO - Processing /opt/airflow/dags/welcomeDAG.py took 0.345 seconds
[2024-05-12T14:18:40.596+0000] {processor.py:161} INFO - Started process (PID=83) to work on /opt/airflow/dags/welcomeDAG.py
[2024-05-12T14:18:40.598+0000] {processor.py:830} INFO - Processing file /opt/airflow/dags/welcomeDAG.py for tasks to queue
[2024-05-12T14:18:40.600+0000] {logging_mixin.py:188} INFO - [2024-05-12T14:18:40.600+0000] {dagbag.py:545} INFO - Filling up the DagBag from /opt/airflow/dags/welcomeDAG.py
[2024-05-12T14:18:40.630+0000] {processor.py:840} INFO - DAG(s) 'welcomeDAG' retrieved from /opt/airflow/dags/welcomeDAG.py
[2024-05-12T14:18:40.667+0000] {logging_mixin.py:188} INFO - [2024-05-12T14:18:40.667+0000] {dag.py:3096} INFO - Sync 1 DAGs
[2024-05-12T14:18:40.712+0000] {logging_mixin.py:188} INFO - [2024-05-12T14:18:40.712+0000] {dag.py:3954} INFO - Setting next_dagrun for welcomeDAG to 2024-05-11 23:00:00+00:00, run_after=2024-05-12 23:00:00+00:00
[2024-05-12T14:18:40.849+0000] {processor.py:183} INFO - Processing /opt/airflow/dags/welcomeDAG.py took 0.262 seconds
[2024-05-12T14:19:11.323+0000] {processor.py:161} INFO - Started process (PID=84) to work on /opt/airflow/dags/welcomeDAG.py
[2024-05-12T14:19:11.324+0000] {processor.py:830} INFO - Processing file /opt/airflow/dags/welcomeDAG.py for tasks to queue
[2024-05-12T14:19:11.325+0000] {logging_mixin.py:188} INFO - [2024-05-12T14:19:11.325+0000] {dagbag.py:545} INFO - Filling up the DagBag from /opt/airflow/dags/welcomeDAG.py
[2024-05-12T14:19:11.358+0000] {processor.py:840} INFO - DAG(s) 'welcomeDAG' retrieved from /opt/airflow/dags/welcomeDAG.py
[2024-05-12T14:19:11.392+0000] {logging_mixin.py:188} INFO - [2024-05-12T14:19:11.392+0000] {dag.py:3096} INFO - Sync 1 DAGs
[2024-05-12T14:19:11.427+0000] {logging_mixin.py:188} INFO - [2024-05-12T14:19:11.426+0000] {dag.py:3954} INFO - Setting next_dagrun for welcomeDAG to 2024-05-11 23:00:00+00:00, run_after=2024-05-12 23:00:00+00:00
[2024-05-12T14:19:11.564+0000] {processor.py:183} INFO - Processing /opt/airflow/dags/welcomeDAG.py took 0.246 seconds
[2024-05-12T14:19:41.984+0000] {processor.py:161} INFO - Started process (PID=85) to work on /opt/airflow/dags/welcomeDAG.py
[2024-05-12T14:19:41.986+0000] {processor.py:830} INFO - Processing file /opt/airflow/dags/welcomeDAG.py for tasks to queue
[2024-05-12T14:19:41.988+0000] {logging_mixin.py:188} INFO - [2024-05-12T14:19:41.987+0000] {dagbag.py:545} INFO - Filling up the DagBag from /opt/airflow/dags/welcomeDAG.py
[2024-05-12T14:19:42.025+0000] {processor.py:840} INFO - DAG(s) 'welcomeDAG' retrieved from /opt/airflow/dags/welcomeDAG.py
[2024-05-12T14:19:42.062+0000] {logging_mixin.py:188} INFO - [2024-05-12T14:19:42.062+0000] {dag.py:3096} INFO - Sync 1 DAGs
[2024-05-12T14:19:42.095+0000] {logging_mixin.py:188} INFO - [2024-05-12T14:19:42.095+0000] {dag.py:3954} INFO - Setting next_dagrun for welcomeDAG to 2024-05-11 23:00:00+00:00, run_after=2024-05-12 23:00:00+00:00
[2024-05-12T14:19:42.212+0000] {processor.py:183} INFO - Processing /opt/airflow/dags/welcomeDAG.py took 0.239 seconds
[2024-05-12T14:20:12.604+0000] {processor.py:161} INFO - Started process (PID=86) to work on /opt/airflow/dags/welcomeDAG.py
[2024-05-12T14:20:12.605+0000] {processor.py:830} INFO - Processing file /opt/airflow/dags/welcomeDAG.py for tasks to queue
[2024-05-12T14:20:12.606+0000] {logging_mixin.py:188} INFO - [2024-05-12T14:20:12.606+0000] {dagbag.py:545} INFO - Filling up the DagBag from /opt/airflow/dags/welcomeDAG.py
[2024-05-12T14:20:12.638+0000] {processor.py:840} INFO - DAG(s) 'welcomeDAG' retrieved from /opt/airflow/dags/welcomeDAG.py
[2024-05-12T14:20:12.672+0000] {logging_mixin.py:188} INFO - [2024-05-12T14:20:12.672+0000] {dag.py:3096} INFO - Sync 1 DAGs
[2024-05-12T14:20:12.707+0000] {logging_mixin.py:188} INFO - [2024-05-12T14:20:12.707+0000] {dag.py:3954} INFO - Setting next_dagrun for welcomeDAG to 2024-05-11 23:00:00+00:00, run_after=2024-05-12 23:00:00+00:00
[2024-05-12T14:20:12.828+0000] {processor.py:183} INFO - Processing /opt/airflow/dags/welcomeDAG.py took 0.231 seconds
[2024-05-12T14:20:43.470+0000] {processor.py:161} INFO - Started process (PID=87) to work on /opt/airflow/dags/welcomeDAG.py
[2024-05-12T14:20:43.472+0000] {processor.py:830} INFO - Processing file /opt/airflow/dags/welcomeDAG.py for tasks to queue
[2024-05-12T14:20:43.474+0000] {logging_mixin.py:188} INFO - [2024-05-12T14:20:43.474+0000] {dagbag.py:545} INFO - Filling up the DagBag from /opt/airflow/dags/welcomeDAG.py
[2024-05-12T14:20:43.544+0000] {processor.py:840} INFO - DAG(s) 'welcomeDAG' retrieved from /opt/airflow/dags/welcomeDAG.py
[2024-05-12T14:20:43.582+0000] {logging_mixin.py:188} INFO - [2024-05-12T14:20:43.582+0000] {dag.py:3096} INFO - Sync 1 DAGs
[2024-05-12T14:20:43.616+0000] {logging_mixin.py:188} INFO - [2024-05-12T14:20:43.616+0000] {dag.py:3954} INFO - Setting next_dagrun for welcomeDAG to 2024-05-11 23:00:00+00:00, run_after=2024-05-12 23:00:00+00:00
[2024-05-12T14:20:43.702+0000] {processor.py:183} INFO - Processing /opt/airflow/dags/welcomeDAG.py took 0.245 seconds
[2024-05-12T14:21:14.275+0000] {processor.py:161} INFO - Started process (PID=88) to work on /opt/airflow/dags/welcomeDAG.py
[2024-05-12T14:21:14.276+0000] {processor.py:830} INFO - Processing file /opt/airflow/dags/welcomeDAG.py for tasks to queue
[2024-05-12T14:21:14.277+0000] {logging_mixin.py:188} INFO - [2024-05-12T14:21:14.277+0000] {dagbag.py:545} INFO - Filling up the DagBag from /opt/airflow/dags/welcomeDAG.py
[2024-05-12T14:21:14.311+0000] {processor.py:840} INFO - DAG(s) 'welcomeDAG' retrieved from /opt/airflow/dags/welcomeDAG.py
[2024-05-12T14:21:14.353+0000] {logging_mixin.py:188} INFO - [2024-05-12T14:21:14.352+0000] {dag.py:3096} INFO - Sync 1 DAGs
[2024-05-12T14:21:14.390+0000] {logging_mixin.py:188} INFO - [2024-05-12T14:21:14.390+0000] {dag.py:3954} INFO - Setting next_dagrun for welcomeDAG to 2024-05-11 23:00:00+00:00, run_after=2024-05-12 23:00:00+00:00
[2024-05-12T14:21:14.465+0000] {processor.py:183} INFO - Processing /opt/airflow/dags/welcomeDAG.py took 0.196 seconds
[2024-05-12T14:21:45.100+0000] {processor.py:161} INFO - Started process (PID=89) to work on /opt/airflow/dags/welcomeDAG.py
[2024-05-12T14:21:45.102+0000] {processor.py:830} INFO - Processing file /opt/airflow/dags/welcomeDAG.py for tasks to queue
[2024-05-12T14:21:45.104+0000] {logging_mixin.py:188} INFO - [2024-05-12T14:21:45.104+0000] {dagbag.py:545} INFO - Filling up the DagBag from /opt/airflow/dags/welcomeDAG.py
[2024-05-12T14:21:45.142+0000] {processor.py:840} INFO - DAG(s) 'welcomeDAG' retrieved from /opt/airflow/dags/welcomeDAG.py
[2024-05-12T14:21:45.193+0000] {logging_mixin.py:188} INFO - [2024-05-12T14:21:45.193+0000] {dag.py:3096} INFO - Sync 1 DAGs
[2024-05-12T14:21:45.240+0000] {logging_mixin.py:188} INFO - [2024-05-12T14:21:45.240+0000] {dag.py:3954} INFO - Setting next_dagrun for welcomeDAG to 2024-05-11 23:00:00+00:00, run_after=2024-05-12 23:00:00+00:00
[2024-05-12T14:21:45.306+0000] {processor.py:183} INFO - Processing /opt/airflow/dags/welcomeDAG.py took 0.218 seconds
[2024-05-12T14:22:15.785+0000] {processor.py:161} INFO - Started process (PID=90) to work on /opt/airflow/dags/welcomeDAG.py
[2024-05-12T14:22:15.786+0000] {processor.py:830} INFO - Processing file /opt/airflow/dags/welcomeDAG.py for tasks to queue
[2024-05-12T14:22:15.787+0000] {logging_mixin.py:188} INFO - [2024-05-12T14:22:15.787+0000] {dagbag.py:545} INFO - Filling up the DagBag from /opt/airflow/dags/welcomeDAG.py
[2024-05-12T14:22:15.817+0000] {processor.py:840} INFO - DAG(s) 'welcomeDAG' retrieved from /opt/airflow/dags/welcomeDAG.py
[2024-05-12T14:22:15.855+0000] {logging_mixin.py:188} INFO - [2024-05-12T14:22:15.855+0000] {dag.py:3096} INFO - Sync 1 DAGs
[2024-05-12T14:22:15.890+0000] {logging_mixin.py:188} INFO - [2024-05-12T14:22:15.890+0000] {dag.py:3954} INFO - Setting next_dagrun for welcomeDAG to 2024-05-11 23:00:00+00:00, run_after=2024-05-12 23:00:00+00:00
[2024-05-12T14:22:15.963+0000] {processor.py:183} INFO - Processing /opt/airflow/dags/welcomeDAG.py took 0.183 seconds
[2024-05-12T14:22:46.266+0000] {processor.py:161} INFO - Started process (PID=91) to work on /opt/airflow/dags/welcomeDAG.py
[2024-05-12T14:22:46.267+0000] {processor.py:830} INFO - Processing file /opt/airflow/dags/welcomeDAG.py for tasks to queue
[2024-05-12T14:22:46.268+0000] {logging_mixin.py:188} INFO - [2024-05-12T14:22:46.267+0000] {dagbag.py:545} INFO - Filling up the DagBag from /opt/airflow/dags/welcomeDAG.py
[2024-05-12T14:22:46.294+0000] {processor.py:840} INFO - DAG(s) 'welcomeDAG' retrieved from /opt/airflow/dags/welcomeDAG.py
[2024-05-12T14:22:46.332+0000] {logging_mixin.py:188} INFO - [2024-05-12T14:22:46.331+0000] {dag.py:3096} INFO - Sync 1 DAGs
[2024-05-12T14:22:46.366+0000] {logging_mixin.py:188} INFO - [2024-05-12T14:22:46.366+0000] {dag.py:3954} INFO - Setting next_dagrun for welcomeDAG to 2024-05-11 23:00:00+00:00, run_after=2024-05-12 23:00:00+00:00
[2024-05-12T14:22:46.440+0000] {processor.py:183} INFO - Processing /opt/airflow/dags/welcomeDAG.py took 0.180 seconds
[2024-05-12T14:23:16.631+0000] {processor.py:161} INFO - Started process (PID=92) to work on /opt/airflow/dags/welcomeDAG.py
[2024-05-12T14:23:16.632+0000] {processor.py:830} INFO - Processing file /opt/airflow/dags/welcomeDAG.py for tasks to queue
[2024-05-12T14:23:16.633+0000] {logging_mixin.py:188} INFO - [2024-05-12T14:23:16.633+0000] {dagbag.py:545} INFO - Filling up the DagBag from /opt/airflow/dags/welcomeDAG.py
[2024-05-12T14:23:16.665+0000] {processor.py:840} INFO - DAG(s) 'welcomeDAG' retrieved from /opt/airflow/dags/welcomeDAG.py
[2024-05-12T14:23:16.716+0000] {logging_mixin.py:188} INFO - [2024-05-12T14:23:16.716+0000] {dag.py:3096} INFO - Sync 1 DAGs
[2024-05-12T14:23:16.751+0000] {logging_mixin.py:188} INFO - [2024-05-12T14:23:16.751+0000] {dag.py:3954} INFO - Setting next_dagrun for welcomeDAG to 2024-05-11 23:00:00+00:00, run_after=2024-05-12 23:00:00+00:00
[2024-05-12T14:23:16.822+0000] {processor.py:183} INFO - Processing /opt/airflow/dags/welcomeDAG.py took 0.197 seconds
[2024-05-12T14:23:47.282+0000] {processor.py:161} INFO - Started process (PID=93) to work on /opt/airflow/dags/welcomeDAG.py
[2024-05-12T14:23:47.283+0000] {processor.py:830} INFO - Processing file /opt/airflow/dags/welcomeDAG.py for tasks to queue
[2024-05-12T14:23:47.284+0000] {logging_mixin.py:188} INFO - [2024-05-12T14:23:47.284+0000] {dagbag.py:545} INFO - Filling up the DagBag from /opt/airflow/dags/welcomeDAG.py
[2024-05-12T14:23:47.324+0000] {processor.py:840} INFO - DAG(s) 'welcomeDAG' retrieved from /opt/airflow/dags/welcomeDAG.py
[2024-05-12T14:23:47.363+0000] {logging_mixin.py:188} INFO - [2024-05-12T14:23:47.363+0000] {dag.py:3096} INFO - Sync 1 DAGs
[2024-05-12T14:23:47.397+0000] {logging_mixin.py:188} INFO - [2024-05-12T14:23:47.396+0000] {dag.py:3954} INFO - Setting next_dagrun for welcomeDAG to 2024-05-11 23:00:00+00:00, run_after=2024-05-12 23:00:00+00:00
[2024-05-12T14:23:47.476+0000] {processor.py:183} INFO - Processing /opt/airflow/dags/welcomeDAG.py took 0.199 seconds
